Removed Pin From Net: NetName=VBAT Pin=C9-1
Removed Pin From Net: NetName=VBAT_SINK Pin=C9-2
Removed Pin From Net: NetName=GND Pin=C11-1
Removed Pin From Net: NetName=GND Pin=C12-1
Removed Pin From Net: NetName=GND Pin=C13-1
Removed Pin From Net: NetName=VCCNRF Pin=C13-2
Removed Pin From Net: NetName=GND Pin=C14-1
Removed Pin From Net: NetName=VCCNRF Pin=C14-2
Removed Pin From Net: NetName=GND Pin=C15-1
Removed Pin From Net: NetName=VCCNRF Pin=C15-2
Removed Pin From Net: NetName=GND Pin=C16-1
Removed Pin From Net: NetName=GND Pin=C17-1
Removed Pin From Net: NetName=GND Pin=C18-1
Removed Pin From Net: NetName=GND Pin=C19-1
Removed Pin From Net: NetName=VCCNRF Pin=C19-2
Removed Pin From Net: NetName=GND Pin=C20-1
Removed Pin From Net: NetName=VCCNRF Pin=C20-2
Removed Pin From Net: NetName=GND Pin=C21-1
Removed Pin From Net: NetName=VCCNRF Pin=C21-2
Removed Pin From Net: NetName=NetC10_1 Pin=L2-2
Removed Pin From Net: NetName=NetC10_1 Pin=L3-1
Removed Pin From Net: NetName=+BATT Pin=R1-1
Removed Pin From Net: NetName=VFILT Pin=R1-2
Removed Pin From Net: NetName=PA_RX_EN Pin=R5-2
Removed Pin From Net: NetName=+BATT Pin=R6-1
Removed Pin From Net: NetName=VBAT Pin=R6-2
Removed Pin From Net: NetName=VBAT Pin=R7-1
Removed Pin From Net: NetName=VBAT_SINK Pin=R7-2
Removed Pin From Net: NetName=PA_TX_DIS Pin=R8-2
Removed Pin From Net: NetName=LED_B Pin=R9-1
Removed Pin From Net: NetName=NetD1_3 Pin=R9-2
Removed Pin From Net: NetName=GND Pin=R13-1
Removed Pin From Net: NetName=VCC Pin=R14-1
Removed Pin From Net: NetName=E_SDA Pin=R14-2
Removed Pin From Net: NetName=VCC Pin=R15-1
Removed Pin From Net: NetName=E_SCL Pin=R15-2
Removed Pin From Net: NetName=LED_R_L Pin=R16-1
Removed Pin From Net: NetName=NetD2_1 Pin=R16-2
Removed Pin From Net: NetName=LED_G_L Pin=R17-1
Removed Pin From Net: NetName=NetD2_2 Pin=R17-2
Removed Pin From Net: NetName=LED_R_R Pin=R18-1
Removed Pin From Net: NetName=NetD3_1 Pin=R18-2
Removed Pin From Net: NetName=LED_G_R Pin=R19-1
Removed Pin From Net: NetName=NetD3_2 Pin=R19-2
Removed Pin From Net: NetName=NetD8_3 Pin=R20-1
Removed Pin From Net: NetName=LED_B_L Pin=R20-2
Removed Pin From Net: NetName=MOTOR1 Pin=R21-1
Removed Pin From Net: NetName=NetMOS1_1 Pin=R21-2
Removed Pin From Net: NetName=NetMOS1_1 Pin=R22-1
Removed Pin From Net: NetName=GND Pin=R22-2
Removed Pin From Net: NetName=MOTOR2 Pin=R23-1
Removed Pin From Net: NetName=NetMOS2_1 Pin=R23-2
Removed Pin From Net: NetName=NetMOS2_1 Pin=R24-1
Removed Pin From Net: NetName=GND Pin=R24-2
Removed Pin From Net: NetName=MOTOR3 Pin=R25-1
Removed Pin From Net: NetName=NetMOS3_1 Pin=R25-2
Removed Pin From Net: NetName=NetMOS3_1 Pin=R26-1
Removed Pin From Net: NetName=GND Pin=R26-2
Removed Pin From Net: NetName=MOTOR4 Pin=R27-1
Removed Pin From Net: NetName=NetMOS4_1 Pin=R27-2
Removed Pin From Net: NetName=NetMOS4_1 Pin=R28-1
Removed Pin From Net: NetName=GND Pin=R28-2
Removed Pin From Net: NetName=NetC10_2 Pin=U5-10
Change Component Footprint: Designator=C6 Old Footprint=0603P New Footprint=0402
Change Component Footprint: Designator=C9 Old Footprint=0603P New Footprint=0402
Change Component Footprint: Designator=C10 Old Footprint=0603P New Footprint=0402
Change Component Footprint: Designator=C11 Old Footprint=0603P New Footprint=0402
Change Component Footprint: Designator=C12 Old Footprint=0603P New Footprint=0402
Change Component Footprint: Designator=C14 Old Footprint=0603P New Footprint=0402
Change Component Footprint: Designator=C15 Old Footprint=0603P New Footprint=0402
Change Component Footprint: Designator=C16 Old Footprint=0603P New Footprint=0402
Change Component Footprint: Designator=C17 Old Footprint=0603P New Footprint=0402
Change Component Footprint: Designator=C18 Old Footprint=0603P New Footprint=0402
Change Component Footprint: Designator=C19 Old Footprint=0603P New Footprint=0402
Change Component Footprint: Designator=C20 Old Footprint=0603P New Footprint=0402
Change Component Footprint: Designator=C21 Old Footprint=0603P New Footprint=0402
Change Component Footprint: Designator=C22 Old Footprint=0603P New Footprint=0402
Change Component Footprint: Designator=C23 Old Footprint=0603P New Footprint=0402
Change Component Footprint: Designator=C24 Old Footprint=0603P New Footprint=0402
Change Component Footprint: Designator=C25 Old Footprint=0603P New Footprint=0402
Change Component Footprint: Designator=C26 Old Footprint=0603P New Footprint=0402
Change Component Footprint: Designator=C28 Old Footprint=0603P New Footprint=0402
Change Component Footprint: Designator=C29 Old Footprint=0603P New Footprint=0402
Change Component Footprint: Designator=C30 Old Footprint=0603P New Footprint=0402
Change Component Footprint: Designator=C31 Old Footprint=0603P New Footprint=0402
Change Component Footprint: Designator=R1 Old Footprint=0603P New Footprint=0402
Change Component Footprint: Designator=R2 Old Footprint=0603P New Footprint=0402
Change Component Footprint: Designator=R3 Old Footprint=0603P New Footprint=0402
Change Component Footprint: Designator=R4 Old Footprint=0603P New Footprint=0402
Change Component Footprint: Designator=R5 Old Footprint=0603P New Footprint=0402
Change Component Footprint: Designator=R6 Old Footprint=0603P New Footprint=0402
Change Component Footprint: Designator=R7 Old Footprint=0603P New Footprint=0402
Change Component Footprint: Designator=R8 Old Footprint=0603P New Footprint=0402
Change Component Footprint: Designator=R9 Old Footprint=0603P New Footprint=0402
Change Component Footprint: Designator=C3 Old Footprint=0805 New Footprint=0402
Change Component Footprint: Designator=C5 Old Footprint=0805 New Footprint=0402
Change Component Footprint: Designator=C2 Old Footprint=0805 New Footprint=0603P
Change Component Footprint: Designator=C7 Old Footprint=0805 New Footprint=0603P
Change Component Footprint: Designator=C8 Old Footprint=0805 New Footprint=0603P
Change Component Footprint: Designator=C13 Old Footprint=0805 New Footprint=0603P
Change Component Footprint: Designator=C32 Old Footprint=1206 New Footprint=0603P
Change Component Comment : Designator=R12 Old Comment=10K New Comment=100K
Change Component Comment : Designator=R22 Old Comment=10K New Comment=220K
Change Component Comment : Designator=R24 Old Comment=10K New Comment=220K
Change Component Comment : Designator=R26 Old Comment=10K New Comment=220K
Change Component Comment : Designator=R28 Old Comment=10K New Comment=220K
Change Component Comment : Designator=C31 Old Comment=103 New Comment=104
Added Pin To Net: NetName=VBAT_SINK Pin=C9-1
Added Pin To Net: NetName=VBAT Pin=C9-2
Added Pin To Net: NetName=GND Pin=C11-2
Added Pin To Net: NetName=GND Pin=C12-2
Added Pin To Net: NetName=VCCNRF Pin=C13-1
Added Pin To Net: NetName=GND Pin=C13-2
Added Pin To Net: NetName=VCCNRF Pin=C14-1
Added Pin To Net: NetName=GND Pin=C14-2
Added Pin To Net: NetName=VCCNRF Pin=C15-1
Added Pin To Net: NetName=GND Pin=C15-2
Added Pin To Net: NetName=GND Pin=C16-2
Added Pin To Net: NetName=GND Pin=C17-2
Added Pin To Net: NetName=GND Pin=C18-2
Added Pin To Net: NetName=VCCNRF Pin=C19-1
Added Pin To Net: NetName=GND Pin=C19-2
Added Pin To Net: NetName=VCCNRF Pin=C20-1
Added Pin To Net: NetName=GND Pin=C20-2
Added Pin To Net: NetName=VCCNRF Pin=C21-1
Added Pin To Net: NetName=GND Pin=C21-2
Added Pin To Net: NetName=NetC10_2 Pin=L2-2
Added Pin To Net: NetName=NetC10_2 Pin=L3-1
Added Pin To Net: NetName=VFILT Pin=R1-1
Added Pin To Net: NetName=+BATT Pin=R1-2
Added Pin To Net: NetName=PA_RX_EN Pin=R5-1
Added Pin To Net: NetName=VBAT Pin=R6-1
Added Pin To Net: NetName=+BATT Pin=R6-2
Added Pin To Net: NetName=VBAT_SINK Pin=R7-1
Added Pin To Net: NetName=VBAT Pin=R7-2
Added Pin To Net: NetName=PA_TX_DIS Pin=R8-1
Added Pin To Net: NetName=NetD1_3 Pin=R9-1
Added Pin To Net: NetName=LED_B Pin=R9-2
Added Pin To Net: NetName=GND Pin=R13-2
Added Pin To Net: NetName=E_SDA Pin=R14-1
Added Pin To Net: NetName=VCC Pin=R14-2
Added Pin To Net: NetName=E_SCL Pin=R15-1
Added Pin To Net: NetName=VCC Pin=R15-2
Added Pin To Net: NetName=NetD2_1 Pin=R16-1
Added Pin To Net: NetName=LED_R_L Pin=R16-2
Added Pin To Net: NetName=NetD2_2 Pin=R17-1
Added Pin To Net: NetName=LED_G_L Pin=R17-2
Added Pin To Net: NetName=NetD3_1 Pin=R18-1
Added Pin To Net: NetName=LED_R_R Pin=R18-2
Added Pin To Net: NetName=NetD3_2 Pin=R19-1
Added Pin To Net: NetName=LED_G_R Pin=R19-2
Added Pin To Net: NetName=LED_B_L Pin=R20-1
Added Pin To Net: NetName=NetD8_3 Pin=R20-2
Added Pin To Net: NetName=NetMOS1_1 Pin=R21-1
Added Pin To Net: NetName=MOTOR1 Pin=R21-2
Added Pin To Net: NetName=GND Pin=R22-1
Added Pin To Net: NetName=NetMOS1_1 Pin=R22-2
Added Pin To Net: NetName=NetMOS2_1 Pin=R23-1
Added Pin To Net: NetName=MOTOR2 Pin=R23-2
Added Pin To Net: NetName=GND Pin=R24-1
Added Pin To Net: NetName=NetMOS2_1 Pin=R24-2
Added Pin To Net: NetName=NetMOS3_1 Pin=R25-1
Added Pin To Net: NetName=MOTOR3 Pin=R25-2
Added Pin To Net: NetName=GND Pin=R26-1
Added Pin To Net: NetName=NetMOS3_1 Pin=R26-2
Added Pin To Net: NetName=NetMOS4_1 Pin=R27-1
Added Pin To Net: NetName=MOTOR4 Pin=R27-2
Added Pin To Net: NetName=GND Pin=R28-1
Added Pin To Net: NetName=NetMOS4_1 Pin=R28-2
Added Pin To Net: NetName=NetC10_1 Pin=U5-10
Added Pin To Net: NetName=NetC11_1 Pin=C11-1
Added Pin To Net: NetName=NetC11_1 Pin=U4-37
Added Pin To Net: NetName=NetC11_1 Pin=X1-1
Added Net: Name=NetC11_1
Added Pin To Net: NetName=NetC12_1 Pin=C12-1
Added Pin To Net: NetName=NetC12_1 Pin=U4-38
Added Pin To Net: NetName=NetC12_1 Pin=X1-3
Added Net: Name=NetC12_1
Added Pin To Net: NetName=NetC16_1 Pin=C16-1
Added Pin To Net: NetName=NetC16_1 Pin=R8-2
Added Pin To Net: NetName=NetC16_1 Pin=U4-30
Added Pin To Net: NetName=NetC16_1 Pin=U6-5
Added Net: Name=NetC16_1
Added Pin To Net: NetName=NetC17_1 Pin=C17-1
Added Pin To Net: NetName=NetC17_1 Pin=U4-29
Added Net: Name=NetC17_1
Added Pin To Net: NetName=NetC18_1 Pin=C18-1
Added Pin To Net: NetName=NetC18_1 Pin=U4-39
Added Net: Name=NetC18_1
Added Pin To Net: NetName=NetR5_2 Pin=R5-2
Added Pin To Net: NetName=NetR5_2 Pin=U4-27
Added Net: Name=NetR5_2
Added Pin To Net: NetName=NetR13_1 Pin=R13-1
Added Pin To Net: NetName=NetR13_1 Pin=U9-20
Added Net: Name=NetR13_1
Added Room: Name=Master
Added Room: Name=Master_1
Added Room: Name=Master_2
