Added Component: Designator=C1(C0805 Ó„µÁ»›)
Added Component: Designator=C2(0805)
Added Component: Designator=C3(0805)
Added Component: Designator=C4(0603P)
Added Component: Designator=C5(0805)
Added Component: Designator=C6(0603P)
Added Component: Designator=C7(0805)
Added Component: Designator=C8(0805)
Added Component: Designator=C9(0603P)
Added Component: Designator=C10(0603P)
Added Component: Designator=C11(0603P)
Added Component: Designator=C12(0603P)
Added Component: Designator=C13(0805)
Added Component: Designator=C14(0603P)
Added Component: Designator=C15(0603P)
Added Component: Designator=C16(0603P)
Added Component: Designator=C17(0603P)
Added Component: Designator=C18(0603P)
Added Component: Designator=C19(0603P)
Added Component: Designator=C20(0603P)
Added Component: Designator=C21(0603P)
Added Component: Designator=C22(0603P)
Added Component: Designator=C23(0603P)
Added Component: Designator=C24(0603P)
Added Component: Designator=C25(0603P)
Added Component: Designator=C26(0603P)
Added Component: Designator=C27(0603P)
Added Component: Designator=C28(0603P)
Added Component: Designator=C29(0603P)
Added Component: Designator=C30(0603P)
Added Component: Designator=C31(0603P)
Added Component: Designator=C32(1206)
Added Component: Designator=D1(LED1206  ≤‡Ã˘)
Added Component: Designator=D2(LED1206  ≤‡Ã˘)
Added Component: Designator=D3(LED1206  ≤‡Ã˘)
Added Component: Designator=D4(SOD-323)
Added Component: Designator=D5(SOD-323)
Added Component: Designator=D6(SOD-323)
Added Component: Designator=D7(SOD-323)
Added Component: Designator=D8(LED1206  ≤‡Ã˘)
Added Component: Designator=L1(0603P)
Added Component: Designator=L2(0603P)
Added Component: Designator=L3(0603P)
Added Component: Designator=MOS1(SO-G3/C2.5)
Added Component: Designator=MOS2(SO-G3/C2.5)
Added Component: Designator=MOS3(SO-G3/C2.5)
Added Component: Designator=MOS4(SO-G3/C2.5)
Added Component: Designator=P1(SH1.0-6P)
Added Component: Designator=P2(MICRO_USB5P_SOP)
Added Component: Designator=P3(HEADER8-2.0MM)
Added Component: Designator=P4(HDR1X2)
Added Component: Designator=P5(HEADER8-2.0MM)
Added Component: Designator=P6(HEADER2-1.25MM)
Added Component: Designator=P7(HEADER2-1.25MM)
Added Component: Designator=P8(HEADER2-1.25MM)
Added Component: Designator=P9(HEADER2-1.25MM)
Added Component: Designator=R1(0603P)
Added Component: Designator=R2(0603P)
Added Component: Designator=R3(0603P)
Added Component: Designator=R4(0603P)
Added Component: Designator=R5(0603P)
Added Component: Designator=R6(0603P)
Added Component: Designator=R7(0603P)
Added Component: Designator=R8(0603P)
Added Component: Designator=R9(0603P)
Added Component: Designator=R10(0402)
Added Component: Designator=R11(0402)
Added Component: Designator=R12(0402)
Added Component: Designator=R13(0402)
Added Component: Designator=R14(0402)
Added Component: Designator=R15(0402)
Added Component: Designator=R16(0402)
Added Component: Designator=R17(0402)
Added Component: Designator=R18(0402)
Added Component: Designator=R19(0402)
Added Component: Designator=R20(0402)
Added Component: Designator=R21(0402)
Added Component: Designator=R22(0402)
Added Component: Designator=R23(0402)
Added Component: Designator=R24(0402)
Added Component: Designator=R25(0402)
Added Component: Designator=R26(0402)
Added Component: Designator=R27(0402)
Added Component: Designator=R28(0402)
Added Component: Designator=SW1(KEY_2S)
Added Component: Designator=U1(SOT23-6S)
Added Component: Designator=U2(SOT23-5S)
Added Component: Designator=U3(SOT23-5S)
Added Component: Designator=U4(QFN48M-04)
Added Component: Designator=U5(QFN16M)
Added Component: Designator=U6(0603-6)
Added Component: Designator=U7(LGA-8)
Added Component: Designator=U8(QFN24-0.4)
Added Component: Designator=U9(UFQFPN48)
Added Component: Designator=X1(XTAL3225   Œﬁ‘¥)
Added Component: Designator=X2(XTAL3215)
Added Component: Designator=Y1(1206)
Added Pin To Net: NetName=+BATT Pin=C1-1
Added Pin To Net: NetName=+BATT Pin=C5-2
Added Pin To Net: NetName=+BATT Pin=D4-2
Added Pin To Net: NetName=+BATT Pin=D5-2
Added Pin To Net: NetName=+BATT Pin=D6-2
Added Pin To Net: NetName=+BATT Pin=D7-2
Added Pin To Net: NetName=+BATT Pin=P3-8
Added Pin To Net: NetName=+BATT Pin=P4-1
Added Pin To Net: NetName=+BATT Pin=P6-1
Added Pin To Net: NetName=+BATT Pin=P7-1
Added Pin To Net: NetName=+BATT Pin=P8-1
Added Pin To Net: NetName=+BATT Pin=P9-1
Added Pin To Net: NetName=+BATT Pin=R1-1
Added Pin To Net: NetName=+BATT Pin=R6-1
Added Pin To Net: NetName=+BATT Pin=U1-3
Added Pin To Net: NetName=+BATT Pin=U3-1
Added Net: Name=+BATT
Added Pin To Net: NetName=E_CS0 Pin=P3-2
Added Net: Name=E_CS0
Added Pin To Net: NetName=E_CS1 Pin=P5-3
Added Pin To Net: NetName=E_CS1 Pin=U9-18
Added Net: Name=E_CS1
Added Pin To Net: NetName=E_CS2 Pin=P5-4
Added Pin To Net: NetName=E_CS2 Pin=U9-19
Added Net: Name=E_CS2
Added Pin To Net: NetName=E_CS3 Pin=P5-5
Added Pin To Net: NetName=E_CS3 Pin=U9-29
Added Net: Name=E_CS3
Added Pin To Net: NetName=E_CS4 Pin=U9-30
Added Net: Name=E_CS4
Added Pin To Net: NetName=E_MISO Pin=P5-7
Added Pin To Net: NetName=E_MISO Pin=U9-27
Added Net: Name=E_MISO
Added Pin To Net: NetName=E_MOSI Pin=P5-6
Added Pin To Net: NetName=E_MOSI Pin=U9-28
Added Net: Name=E_MOSI
Added Pin To Net: NetName=E_RX1 Pin=P3-6
Added Pin To Net: NetName=E_RX1 Pin=U9-39
Added Net: Name=E_RX1
Added Pin To Net: NetName=E_SC0 Pin=U9-4
Added Net: Name=E_SC0
Added Pin To Net: NetName=E_SCK Pin=P5-8
Added Pin To Net: NetName=E_SCK Pin=U9-26
Added Net: Name=E_SCK
Added Pin To Net: NetName=E_SCL Pin=P3-4
Added Pin To Net: NetName=E_SCL Pin=R15-2
Added Pin To Net: NetName=E_SCL Pin=U9-41
Added Net: Name=E_SCL
Added Pin To Net: NetName=E_SDA Pin=P3-3
Added Pin To Net: NetName=E_SDA Pin=R14-2
Added Pin To Net: NetName=E_SDA Pin=U9-40
Added Net: Name=E_SDA
Added Pin To Net: NetName=E_TX1 Pin=P3-5
Added Pin To Net: NetName=E_TX1 Pin=U9-38
Added Net: Name=E_TX1
Added Pin To Net: NetName=GND Pin=C1-2
Added Pin To Net: NetName=GND Pin=C2-1
Added Pin To Net: NetName=GND Pin=C3-1
Added Pin To Net: NetName=GND Pin=C4-1
Added Pin To Net: NetName=GND Pin=C5-1
Added Pin To Net: NetName=GND Pin=C6-1
Added Pin To Net: NetName=GND Pin=C7-1
Added Pin To Net: NetName=GND Pin=C8-1
Added Pin To Net: NetName=GND Pin=C11-1
Added Pin To Net: NetName=GND Pin=C12-1
Added Pin To Net: NetName=GND Pin=C13-1
Added Pin To Net: NetName=GND Pin=C14-1
Added Pin To Net: NetName=GND Pin=C15-1
Added Pin To Net: NetName=GND Pin=C16-1
Added Pin To Net: NetName=GND Pin=C17-1
Added Pin To Net: NetName=GND Pin=C18-1
Added Pin To Net: NetName=GND Pin=C19-1
Added Pin To Net: NetName=GND Pin=C20-1
Added Pin To Net: NetName=GND Pin=C21-1
Added Pin To Net: NetName=GND Pin=C22-1
Added Pin To Net: NetName=GND Pin=C23-1
Added Pin To Net: NetName=GND Pin=C24-1
Added Pin To Net: NetName=GND Pin=C25-1
Added Pin To Net: NetName=GND Pin=C26-1
Added Pin To Net: NetName=GND Pin=C27-1
Added Pin To Net: NetName=GND Pin=C28-1
Added Pin To Net: NetName=GND Pin=C29-1
Added Pin To Net: NetName=GND Pin=C30-1
Added Pin To Net: NetName=GND Pin=C31-1
Added Pin To Net: NetName=GND Pin=C32-1
Added Pin To Net: NetName=GND Pin=D1-1
Added Pin To Net: NetName=GND Pin=D8-1
Added Pin To Net: NetName=GND Pin=L3-2
Added Pin To Net: NetName=GND Pin=MOS1-2
Added Pin To Net: NetName=GND Pin=MOS2-2
Added Pin To Net: NetName=GND Pin=MOS3-2
Added Pin To Net: NetName=GND Pin=MOS4-2
Added Pin To Net: NetName=GND Pin=P1-1
Added Pin To Net: NetName=GND Pin=P2-5
Added Pin To Net: NetName=GND Pin=P3-1
Added Pin To Net: NetName=GND Pin=P4-2
Added Pin To Net: NetName=GND Pin=P5-1
Added Pin To Net: NetName=GND Pin=R3-1
Added Pin To Net: NetName=GND Pin=R4-1
Added Pin To Net: NetName=GND Pin=R12-2
Added Pin To Net: NetName=GND Pin=R13-1
Added Pin To Net: NetName=GND Pin=R22-2
Added Pin To Net: NetName=GND Pin=R24-2
Added Pin To Net: NetName=GND Pin=R26-2
Added Pin To Net: NetName=GND Pin=R28-2
Added Pin To Net: NetName=GND Pin=SW1-2
Added Pin To Net: NetName=GND Pin=U1-2
Added Pin To Net: NetName=GND Pin=U2-2
Added Pin To Net: NetName=GND Pin=U3-2
Added Pin To Net: NetName=GND Pin=U4-13
Added Pin To Net: NetName=GND Pin=U4-33
Added Pin To Net: NetName=GND Pin=U4-34
Added Pin To Net: NetName=GND Pin=U4-49
Added Pin To Net: NetName=GND Pin=U5-1
Added Pin To Net: NetName=GND Pin=U5-2
Added Pin To Net: NetName=GND Pin=U5-3
Added Pin To Net: NetName=GND Pin=U5-7
Added Pin To Net: NetName=GND Pin=U5-8
Added Pin To Net: NetName=GND Pin=U5-9
Added Pin To Net: NetName=GND Pin=U5-11
Added Pin To Net: NetName=GND Pin=U5-12
Added Pin To Net: NetName=GND Pin=U5-15
Added Pin To Net: NetName=GND Pin=U5-17
Added Pin To Net: NetName=GND Pin=U6-2
Added Pin To Net: NetName=GND Pin=U6-6
Added Pin To Net: NetName=GND Pin=U7-1
Added Pin To Net: NetName=GND Pin=U7-5
Added Pin To Net: NetName=GND Pin=U7-7
Added Pin To Net: NetName=GND Pin=U8-11
Added Pin To Net: NetName=GND Pin=U8-18
Added Pin To Net: NetName=GND Pin=U8-20
Added Pin To Net: NetName=GND Pin=U9-8
Added Pin To Net: NetName=GND Pin=U9-23
Added Pin To Net: NetName=GND Pin=U9-35
Added Pin To Net: NetName=GND Pin=U9-47
Added Pin To Net: NetName=GND Pin=X1-2
Added Pin To Net: NetName=GND Pin=X1-4
Added Pin To Net: NetName=GND Pin=X2-2
Added Net: Name=GND
Added Pin To Net: NetName=IMU_SCL Pin=R11-1
Added Pin To Net: NetName=IMU_SCL Pin=U8-23
Added Pin To Net: NetName=IMU_SCL Pin=U9-45
Added Net: Name=IMU_SCL
Added Pin To Net: NetName=IMU_SDA Pin=R10-1
Added Pin To Net: NetName=IMU_SDA Pin=U8-24
Added Pin To Net: NetName=IMU_SDA Pin=U9-46
Added Net: Name=IMU_SDA
Added Pin To Net: NetName=LED_B_L Pin=R20-2
Added Pin To Net: NetName=LED_B_L Pin=U9-25
Added Net: Name=LED_B_L
Added Pin To Net: NetName=LED_B Pin=R9-1
Added Pin To Net: NetName=LED_B Pin=U4-14
Added Net: Name=LED_B
Added Pin To Net: NetName=LED_G_L Pin=R17-1
Added Pin To Net: NetName=LED_G_L Pin=U9-16
Added Net: Name=LED_G_L
Added Pin To Net: NetName=LED_G_R Pin=R19-1
Added Pin To Net: NetName=LED_G_R Pin=U9-2
Added Net: Name=LED_G_R
Added Pin To Net: NetName=LED_R_L Pin=R16-1
Added Pin To Net: NetName=LED_R_L Pin=U9-17
Added Net: Name=LED_R_L
Added Pin To Net: NetName=LED_R_R Pin=R18-1
Added Pin To Net: NetName=LED_R_R Pin=U9-3
Added Net: Name=LED_R_R
Added Pin To Net: NetName=MOTOR1 Pin=R21-1
Added Pin To Net: NetName=MOTOR1 Pin=U9-43
Added Net: Name=MOTOR1
Added Pin To Net: NetName=MOTOR2 Pin=R23-1
Added Pin To Net: NetName=MOTOR2 Pin=U9-42
Added Net: Name=MOTOR2
Added Pin To Net: NetName=MOTOR3 Pin=R25-1
Added Pin To Net: NetName=MOTOR3 Pin=U9-21
Added Net: Name=MOTOR3
Added Pin To Net: NetName=MOTOR4 Pin=R27-1
Added Pin To Net: NetName=MOTOR4 Pin=U9-15
Added Net: Name=MOTOR4
Added Pin To Net: NetName=MPU_INT Pin=U8-12
Added Pin To Net: NetName=MPU_INT Pin=U9-14
Added Net: Name=MPU_INT
Added Pin To Net: NetName=NetC4_2 Pin=C4-2
Added Pin To Net: NetName=NetC4_2 Pin=R2-2
Added Pin To Net: NetName=NetC4_2 Pin=U1-4
Added Net: Name=NetC4_2
Added Pin To Net: NetName=NetC10_1 Pin=C10-1
Added Pin To Net: NetName=NetC10_1 Pin=L2-2
Added Pin To Net: NetName=NetC10_1 Pin=L3-1
Added Net: Name=NetC10_1
Added Pin To Net: NetName=NetC10_2 Pin=C10-2
Added Pin To Net: NetName=NetC10_2 Pin=U5-10
Added Net: Name=NetC10_2
Added Pin To Net: NetName=NetC11_2 Pin=C11-2
Added Pin To Net: NetName=NetC11_2 Pin=U4-37
Added Pin To Net: NetName=NetC11_2 Pin=X1-1
Added Net: Name=NetC11_2
Added Pin To Net: NetName=NetC12_2 Pin=C12-2
Added Pin To Net: NetName=NetC12_2 Pin=U4-38
Added Pin To Net: NetName=NetC12_2 Pin=X1-3
Added Net: Name=NetC12_2
Added Pin To Net: NetName=NetC16_2 Pin=C16-2
Added Pin To Net: NetName=NetC16_2 Pin=R8-1
Added Pin To Net: NetName=NetC16_2 Pin=U4-30
Added Pin To Net: NetName=NetC16_2 Pin=U6-5
Added Net: Name=NetC16_2
Added Pin To Net: NetName=NetC17_2 Pin=C17-2
Added Pin To Net: NetName=NetC17_2 Pin=U4-29
Added Net: Name=NetC17_2
Added Pin To Net: NetName=NetC18_2 Pin=C18-2
Added Pin To Net: NetName=NetC18_2 Pin=U4-39
Added Net: Name=NetC18_2
Added Pin To Net: NetName=NetC25_2 Pin=C25-2
Added Pin To Net: NetName=NetC25_2 Pin=U8-10
Added Net: Name=NetC25_2
Added Pin To Net: NetName=NetC27_2 Pin=C27-2
Added Pin To Net: NetName=NetC27_2 Pin=U9-22
Added Net: Name=NetC27_2
Added Pin To Net: NetName=NetD1_3 Pin=D1-3
Added Pin To Net: NetName=NetD1_3 Pin=R9-2
Added Net: Name=NetD1_3
Added Pin To Net: NetName=NetD2_1 Pin=D2-1
Added Pin To Net: NetName=NetD2_1 Pin=R16-2
Added Net: Name=NetD2_1
Added Pin To Net: NetName=NetD2_2 Pin=D2-2
Added Pin To Net: NetName=NetD2_2 Pin=R17-2
Added Net: Name=NetD2_2
Added Pin To Net: NetName=NetD3_1 Pin=D3-1
Added Pin To Net: NetName=NetD3_1 Pin=R18-2
Added Net: Name=NetD3_1
Added Pin To Net: NetName=NetD3_2 Pin=D3-2
Added Pin To Net: NetName=NetD3_2 Pin=R19-2
Added Net: Name=NetD3_2
Added Pin To Net: NetName=NetD4_1 Pin=D4-1
Added Pin To Net: NetName=NetD4_1 Pin=MOS1-3
Added Pin To Net: NetName=NetD4_1 Pin=P6-2
Added Net: Name=NetD4_1
Added Pin To Net: NetName=NetD5_1 Pin=D5-1
Added Pin To Net: NetName=NetD5_1 Pin=MOS2-3
Added Pin To Net: NetName=NetD5_1 Pin=P7-2
Added Net: Name=NetD5_1
Added Pin To Net: NetName=NetD6_1 Pin=D6-1
Added Pin To Net: NetName=NetD6_1 Pin=MOS3-3
Added Pin To Net: NetName=NetD6_1 Pin=P8-2
Added Net: Name=NetD6_1
Added Pin To Net: NetName=NetD7_1 Pin=D7-1
Added Pin To Net: NetName=NetD7_1 Pin=MOS4-3
Added Pin To Net: NetName=NetD7_1 Pin=P9-2
Added Net: Name=NetD7_1
Added Pin To Net: NetName=NetD8_3 Pin=D8-3
Added Pin To Net: NetName=NetD8_3 Pin=R20-1
Added Net: Name=NetD8_3
Added Pin To Net: NetName=NetL2_1 Pin=L2-1
Added Pin To Net: NetName=NetL2_1 Pin=Y1-1
Added Net: Name=NetL2_1
Added Pin To Net: NetName=NetMOS1_1 Pin=MOS1-1
Added Pin To Net: NetName=NetMOS1_1 Pin=R21-2
Added Pin To Net: NetName=NetMOS1_1 Pin=R22-1
Added Net: Name=NetMOS1_1
Added Pin To Net: NetName=NetMOS2_1 Pin=MOS2-1
Added Pin To Net: NetName=NetMOS2_1 Pin=R23-2
Added Pin To Net: NetName=NetMOS2_1 Pin=R24-1
Added Net: Name=NetMOS2_1
Added Pin To Net: NetName=NetMOS3_1 Pin=MOS3-1
Added Pin To Net: NetName=NetMOS3_1 Pin=R25-2
Added Pin To Net: NetName=NetMOS3_1 Pin=R26-1
Added Net: Name=NetMOS3_1
Added Pin To Net: NetName=NetMOS4_1 Pin=MOS4-1
Added Pin To Net: NetName=NetMOS4_1 Pin=R27-2
Added Pin To Net: NetName=NetMOS4_1 Pin=R28-1
Added Net: Name=NetMOS4_1
Added Pin To Net: NetName=NetR3_2 Pin=R3-2
Added Pin To Net: NetName=NetR3_2 Pin=U1-6
Added Net: Name=NetR3_2
Added Pin To Net: NetName=NetR5_1 Pin=R5-1
Added Pin To Net: NetName=NetR5_1 Pin=U4-27
Added Net: Name=NetR5_1
Added Pin To Net: NetName=NetR13_2 Pin=R13-2
Added Pin To Net: NetName=NetR13_2 Pin=U9-20
Added Net: Name=NetR13_2
Added Pin To Net: NetName=NetU4_31 Pin=U4-31
Added Pin To Net: NetName=NetU4_31 Pin=U6-4
Added Net: Name=NetU4_31
Added Pin To Net: NetName=NetU4_32 Pin=U4-32
Added Pin To Net: NetName=NetU4_32 Pin=U6-3
Added Net: Name=NetU4_32
Added Pin To Net: NetName=NetU5_4 Pin=U5-4
Added Pin To Net: NetName=NetU5_4 Pin=U6-1
Added Net: Name=NetU5_4
Added Pin To Net: NetName=NetU7_3 Pin=U7-3
Added Pin To Net: NetName=NetU7_3 Pin=U8-21
Added Net: Name=NetU7_3
Added Pin To Net: NetName=NetU7_4 Pin=U7-4
Added Pin To Net: NetName=NetU7_4 Pin=U8-7
Added Net: Name=NetU7_4
Added Pin To Net: NetName=NetU9_5 Pin=U9-5
Added Pin To Net: NetName=NetU9_5 Pin=X2-1
Added Net: Name=NetU9_5
Added Pin To Net: NetName=NetU9_6 Pin=U9-6
Added Pin To Net: NetName=NetU9_6 Pin=X2-3
Added Net: Name=NetU9_6
Added Pin To Net: NetName=NRF_FLOW_CTRL Pin=U4-6
Added Pin To Net: NetName=NRF_FLOW_CTRL Pin=U9-10
Added Net: Name=NRF_FLOW_CTRL
Added Pin To Net: NetName=NRF_RX Pin=U4-4
Added Pin To Net: NetName=NRF_RX Pin=U9-12
Added Net: Name=NRF_RX
Added Pin To Net: NetName=NRF_SWCLK Pin=P1-6
Added Net: Name=NRF_SWCLK
Added Pin To Net: NetName=NRF_SWIO Pin=P1-5
Added Net: Name=NRF_SWIO
Added Pin To Net: NetName=NRF_TX Pin=U4-3
Added Pin To Net: NetName=NRF_TX Pin=U9-13
Added Net: Name=NRF_TX
Added Pin To Net: NetName=PA_RX_EN Pin=R5-2
Added Pin To Net: NetName=PA_RX_EN Pin=U5-6
Added Net: Name=PA_RX_EN
Added Pin To Net: NetName=PA_TX_DIS Pin=R8-2
Added Pin To Net: NetName=PA_TX_DIS Pin=U4-28
Added Pin To Net: NetName=PA_TX_DIS Pin=U5-5
Added Net: Name=PA_TX_DIS
Added Pin To Net: NetName=PM_CHG_STATE Pin=U1-1
Added Pin To Net: NetName=PM_CHG_STATE Pin=U4-5
Added Net: Name=PM_CHG_STATE
Added Pin To Net: NetName=STM_BOOT0 Pin=R12-1
Added Pin To Net: NetName=STM_BOOT0 Pin=U4-15
Added Pin To Net: NetName=STM_BOOT0 Pin=U9-44
Added Net: Name=STM_BOOT0
Added Pin To Net: NetName=STM_NRST Pin=C26-2
Added Pin To Net: NetName=STM_NRST Pin=U4-7
Added Pin To Net: NetName=STM_NRST Pin=U9-7
Added Net: Name=STM_NRST
Added Pin To Net: NetName=STM_SWCLK Pin=P1-3
Added Pin To Net: NetName=STM_SWCLK Pin=U9-37
Added Net: Name=STM_SWCLK
Added Pin To Net: NetName=STM_SWIO Pin=P1-4
Added Pin To Net: NetName=STM_SWIO Pin=U9-34
Added Net: Name=STM_SWIO
Added Pin To Net: NetName=SWITCH Pin=SW1-1
Added Pin To Net: NetName=SWITCH Pin=U4-25
Added Net: Name=SWITCH
Added Pin To Net: NetName=USB_CONNECTED Pin=R2-1
Added Pin To Net: NetName=USB_CONNECTED Pin=R4-2
Added Pin To Net: NetName=USB_CONNECTED Pin=U4-11
Added Net: Name=USB_CONNECTED
Added Pin To Net: NetName=USB_DM Pin=P2-2
Added Pin To Net: NetName=USB_DM Pin=U9-32
Added Net: Name=USB_DM
Added Pin To Net: NetName=USB_DP Pin=P2-3
Added Pin To Net: NetName=USB_DP Pin=U9-33
Added Net: Name=USB_DP
Added Pin To Net: NetName=USB_ID Pin=P2-4
Added Pin To Net: NetName=USB_ID Pin=U9-31
Added Net: Name=USB_ID
Added Pin To Net: NetName=VBAT_SINK Pin=C9-2
Added Pin To Net: NetName=VBAT_SINK Pin=R7-2
Added Pin To Net: NetName=VBAT_SINK Pin=U4-9
Added Net: Name=VBAT_SINK
Added Pin To Net: NetName=VBAT Pin=C9-1
Added Pin To Net: NetName=VBAT Pin=R6-2
Added Pin To Net: NetName=VBAT Pin=R7-1
Added Pin To Net: NetName=VBAT Pin=U4-8
Added Net: Name=VBAT
Added Pin To Net: NetName=VBUS Pin=P2-1
Added Pin To Net: NetName=VBUS Pin=P3-7
Added Net: Name=VBUS
Added Pin To Net: NetName=VCCA Pin=C8-2
Added Pin To Net: NetName=VCCA Pin=C22-2
Added Pin To Net: NetName=VCCA Pin=C23-2
Added Pin To Net: NetName=VCCA Pin=C24-2
Added Pin To Net: NetName=VCCA Pin=L1-1
Added Pin To Net: NetName=VCCA Pin=R10-2
Added Pin To Net: NetName=VCCA Pin=R11-2
Added Pin To Net: NetName=VCCA Pin=U7-2
Added Pin To Net: NetName=VCCA Pin=U7-6
Added Pin To Net: NetName=VCCA Pin=U7-8
Added Pin To Net: NetName=VCCA Pin=U8-1
Added Pin To Net: NetName=VCCA Pin=U8-8
Added Pin To Net: NetName=VCCA Pin=U8-9
Added Pin To Net: NetName=VCCA Pin=U8-13
Added Pin To Net: NetName=VCCA Pin=U8-22
Added Net: Name=VCCA
Added Pin To Net: NetName=VCCNRF Pin=C3-2
Added Pin To Net: NetName=VCCNRF Pin=C13-2
Added Pin To Net: NetName=VCCNRF Pin=C14-2
Added Pin To Net: NetName=VCCNRF Pin=C15-2
Added Pin To Net: NetName=VCCNRF Pin=C19-2
Added Pin To Net: NetName=VCCNRF Pin=C20-2
Added Pin To Net: NetName=VCCNRF Pin=C21-2
Added Pin To Net: NetName=VCCNRF Pin=U2-5
Added Pin To Net: NetName=VCCNRF Pin=U4-1
Added Pin To Net: NetName=VCCNRF Pin=U4-12
Added Pin To Net: NetName=VCCNRF Pin=U4-35
Added Pin To Net: NetName=VCCNRF Pin=U4-36
Added Pin To Net: NetName=VCCNRF Pin=U5-14
Added Pin To Net: NetName=VCCNRF Pin=U5-16
Added Pin To Net: NetName=VCCNRF Pin=U9-1
Added Net: Name=VCCNRF
Added Pin To Net: NetName=VCC Pin=C6-2
Added Pin To Net: NetName=VCC Pin=C7-2
Added Pin To Net: NetName=VCC Pin=C28-2
Added Pin To Net: NetName=VCC Pin=C29-2
Added Pin To Net: NetName=VCC Pin=C30-2
Added Pin To Net: NetName=VCC Pin=C31-2
Added Pin To Net: NetName=VCC Pin=C32-2
Added Pin To Net: NetName=VCC Pin=D2-3
Added Pin To Net: NetName=VCC Pin=D3-3
Added Pin To Net: NetName=VCC Pin=L1-2
Added Pin To Net: NetName=VCC Pin=P1-2
Added Pin To Net: NetName=VCC Pin=P5-2
Added Pin To Net: NetName=VCC Pin=R14-1
Added Pin To Net: NetName=VCC Pin=R15-1
Added Pin To Net: NetName=VCC Pin=U3-5
Added Pin To Net: NetName=VCC Pin=U9-9
Added Pin To Net: NetName=VCC Pin=U9-24
Added Pin To Net: NetName=VCC Pin=U9-36
Added Pin To Net: NetName=VCC Pin=U9-48
Added Net: Name=VCC
Added Pin To Net: NetName=VEN_D Pin=U3-3
Added Pin To Net: NetName=VEN_D Pin=U4-48
Added Net: Name=VEN_D
Added Pin To Net: NetName=VFILT Pin=C2-2
Added Pin To Net: NetName=VFILT Pin=R1-2
Added Pin To Net: NetName=VFILT Pin=U2-1
Added Pin To Net: NetName=VFILT Pin=U2-3
Added Net: Name=VFILT
Added Class: Name=Master_1
Added Class: Name=Master_2
Added Class: Name=Master
Added Room: Name=Master
Added Room: Name=Master_1
Added Room: Name=Master_2
