Removed Pin From Net: NetName=N_GND Pin=C5-1
Removed Pin From Net: NetName=N_GND Pin=C6-1
Removed Pin From Net: NetName=3.3V Pin=C6-2
Removed Pin From Net: NetName=N_GND Pin=C7-1
Removed Pin From Net: NetName=3.3V Pin=C7-2
Removed Pin From Net: NetName=N_GND Pin=C8-1
Removed Pin From Net: NetName=3.3V Pin=C8-2
Removed Pin From Net: NetName=N_GND Pin=C9-1
Removed Pin From Net: NetName=XC1 Pin=C9-2
Removed Pin From Net: NetName=XC2 Pin=C10-1
Removed Pin From Net: NetName=N_GND Pin=C10-2
Removed Pin From Net: NetName=3.3V Pin=C16-1
Removed Pin From Net: NetName=GND Pin=C16-2
Removed Pin From Net: NetName=GND Pin=C17-2
Removed Pin From Net: NetName=3.3V Pin=C18-1
Removed Pin From Net: NetName=GND Pin=C18-2
Removed Pin From Net: NetName=GND Pin=C19-2
Removed Pin From Net: NetName=GND Pin=C22-2
Removed Pin From Net: NetName=5V Pin=C23-1
Removed Pin From Net: NetName=GND Pin=C23-2
Removed Pin From Net: NetName=GND Pin=C26-2
Removed Pin From Net: NetName=3.3V Pin=C28-1
Removed Pin From Net: NetName=GND Pin=C28-2
Removed Pin From Net: NetName=3.3V Pin=C29-1
Removed Pin From Net: NetName=GND Pin=C29-2
Removed Pin From Net: NetName=NetC25_1 Pin=OLED1-4
Removed Pin From Net: NetName=NetC25_2 Pin=OLED1-5
Removed Pin From Net: NetName=GND Pin=R2-1
Removed Pin From Net: NetName=N_GND Pin=R2-2
Removed Pin From Net: NetName=XC1 Pin=R6-1
Removed Pin From Net: NetName=XC2 Pin=R6-2
Removed Pin From Net: NetName=GND Pin=R8-2
Removed Pin From Net: NetName=NetLED1_2 Pin=R16-1
Removed Pin From Net: NetName=GND Pin=R17-2
Removed Pin From Net: NetName=3.3V Pin=R19-1
Removed Pin From Net: NetName=O_MOSI Pin=R19-2
Removed Pin From Net: NetName=GND Pin=R20-1
Removed Pin From Net: NetName=NetOLED1_26 Pin=R20-2
Removed Pin From Net: NetName=NetJ1_6 Pin=R23-1
Removed Pin From Net: NetName=3.3V Pin=R23-2
Removed Pin From Net: NetName=NetJ2_6 Pin=R24-1
Removed Pin From Net: NetName=3.3V Pin=R24-2
Removed Pin From Net: NetName=NetLED2_1 Pin=R25-1
Removed Pin From Net: NetName=3.3V Pin=R25-2
Removed Pin From Net: NetName=NetLED3_1 Pin=R26-1
Removed Pin From Net: NetName=3.3V Pin=R26-2
Removed Pin From Net: NetName=GND Pin=R30-1
Removed Pin From Net: NetName=NetQ1_2 Pin=R30-2
Change Component DesignItemId : Designator=C16 Old DesignItemId=CAP New DesignItemId=C
Change Component Footprint: Designator=C1 Old Footprint=0603P New Footprint=0402
Change Component Footprint: Designator=C2 Old Footprint=0603P New Footprint=0402
Change Component Footprint: Designator=C3 Old Footprint=0603P New Footprint=0402
Change Component Footprint: Designator=C4 Old Footprint=0603P New Footprint=0402
Change Component Footprint: Designator=C5 Old Footprint=0603P New Footprint=0402
Change Component Footprint: Designator=C7 Old Footprint=0603P New Footprint=0402
Change Component Footprint: Designator=C8 Old Footprint=0603P New Footprint=0402
Change Component Footprint: Designator=C9 Old Footprint=0603P New Footprint=0402
Change Component Footprint: Designator=C10 Old Footprint=0603P New Footprint=0402
Change Component Footprint: Designator=C11 Old Footprint=0603P New Footprint=0402
Change Component Footprint: Designator=C13 Old Footprint=0603P New Footprint=0402
Change Component Footprint: Designator=C14 Old Footprint=0603P New Footprint=0402
Change Component Footprint: Designator=C15 Old Footprint=0603P New Footprint=0402
Change Component Footprint: Designator=C18 Old Footprint=0603P New Footprint=0402
Change Component Footprint: Designator=C19 Old Footprint=0603P New Footprint=0402
Change Component Footprint: Designator=C20 Old Footprint=0603P New Footprint=0402
Change Component Footprint: Designator=C21 Old Footprint=0603P New Footprint=0402
Change Component Footprint: Designator=C23 Old Footprint=0603P New Footprint=0402
Change Component Footprint: Designator=C25 Old Footprint=0603P New Footprint=0402
Change Component Footprint: Designator=C26 Old Footprint=0603P New Footprint=0402
Change Component Footprint: Designator=C29 Old Footprint=0603P New Footprint=0402
Change Component Footprint: Designator=R1 Old Footprint=0603P New Footprint=0402
Change Component Footprint: Designator=R2 Old Footprint=0603P New Footprint=0402
Change Component Footprint: Designator=R3 Old Footprint=0603P New Footprint=0402
Change Component Footprint: Designator=R4 Old Footprint=0603P New Footprint=0402
Change Component Footprint: Designator=R5 Old Footprint=0603P New Footprint=0402
Change Component Footprint: Designator=R6 Old Footprint=0603P New Footprint=0402
Change Component Footprint: Designator=R7 Old Footprint=0603P New Footprint=0402
Change Component Footprint: Designator=R8 Old Footprint=0603P New Footprint=0402
Change Component Footprint: Designator=R9 Old Footprint=0603P New Footprint=0402
Change Component Footprint: Designator=R10 Old Footprint=0603P New Footprint=0402
Change Component Footprint: Designator=R11 Old Footprint=0603P New Footprint=0402
Change Component Footprint: Designator=R12 Old Footprint=0603P New Footprint=0402
Change Component Footprint: Designator=R13 Old Footprint=0603P New Footprint=0402
Change Component Footprint: Designator=R14 Old Footprint=0603P New Footprint=0402
Change Component Footprint: Designator=R15 Old Footprint=0603P New Footprint=0402
Change Component Footprint: Designator=R16 Old Footprint=0603P New Footprint=0402
Change Component Footprint: Designator=R17 Old Footprint=0603P New Footprint=0402
Change Component Footprint: Designator=R18 Old Footprint=0603P New Footprint=0402
Change Component Footprint: Designator=R19 Old Footprint=0603P New Footprint=0402
Change Component Footprint: Designator=R20 Old Footprint=0603P New Footprint=0402
Change Component Footprint: Designator=R21 Old Footprint=0603P New Footprint=0402
Change Component Footprint: Designator=R22 Old Footprint=0603P New Footprint=0402
Change Component Footprint: Designator=R23 Old Footprint=0603P New Footprint=0402
Change Component Footprint: Designator=R24 Old Footprint=0603P New Footprint=0402
Change Component Footprint: Designator=R25 Old Footprint=0603P New Footprint=0402
Change Component Footprint: Designator=R26 Old Footprint=0603P New Footprint=0402
Change Component Footprint: Designator=R27 Old Footprint=0603P New Footprint=0402
Change Component Footprint: Designator=R28 Old Footprint=0603P New Footprint=0402
Change Component Footprint: Designator=R29 Old Footprint=0603P New Footprint=0402
Change Component Footprint: Designator=R30 Old Footprint=0603P New Footprint=0402
Change Component Footprint: Designator=C16 Old Footprint=C0805 Ó„µÁ»› New Footprint=0402
Change Component Comment : Designator=C9 Old Comment=1uF New Comment=22p
Change Component Comment : Designator=C10 Old Comment=1uF New Comment=22p
Change Component Comment : Designator=C15 Old Comment=1uF New Comment=104
Change Component Comment : Designator=R19 Old Comment=4.7K New Comment=750K
Change Component Comment : Designator=R11 Old Comment=10R New Comment=10K
Change Component Comment : Designator=R1 Old Comment=10R New Comment=22K
Change Component Comment : Designator=C16 Old Comment=10uF New Comment=1uF
Change Component Comment : Designator=R14 Old Comment=49.9K New Comment=49.4K
Change Component Comment : Designator=C7 Old Comment=103 New Comment=221
Change Component Comment : Designator=C8 Old Comment=221 New Comment=103
Change Component Comment : Designator=R20 Old Comment=750k New Comment=4.7K
Change Component Designator: OldDesignator=KEY2 NewDesignator=KEY1
Change Component Designator: OldDesignator=KEY3 NewDesignator=KEY2
Added Component: Designator=C17(C0805 Ó„µÁ»›)
Added Pin To Net: NetName=N_GND Pin=C5-2
Added Pin To Net: NetName=3.3V Pin=C6-1
Added Pin To Net: NetName=N_GND Pin=C6-2
Added Pin To Net: NetName=3.3V Pin=C7-1
Added Pin To Net: NetName=N_GND Pin=C7-2
Added Pin To Net: NetName=3.3V Pin=C8-1
Added Pin To Net: NetName=N_GND Pin=C8-2
Added Pin To Net: NetName=XC1 Pin=C9-1
Added Pin To Net: NetName=N_GND Pin=C9-2
Added Pin To Net: NetName=N_GND Pin=C10-1
Added Pin To Net: NetName=XC2 Pin=C10-2
Added Pin To Net: NetName=GND Pin=C16-1
Added Pin To Net: NetName=3.3V Pin=C16-1
Added Pin To Net: NetName=GND Pin=C16-2
Added Pin To Net: NetName=GND Pin=C18-1
Added Pin To Net: NetName=3.3V Pin=C18-2
Added Pin To Net: NetName=GND Pin=C19-1
Added Pin To Net: NetName=GND Pin=C22-1
Added Pin To Net: NetName=GND Pin=C23-1
Added Pin To Net: NetName=5V Pin=C23-2
Added Pin To Net: NetName=GND Pin=C26-1
Added Pin To Net: NetName=GND Pin=C28-1
Added Pin To Net: NetName=3.3V Pin=C28-2
Added Pin To Net: NetName=GND Pin=C29-1
Added Pin To Net: NetName=3.3V Pin=C29-2
Added Pin To Net: NetName=NetC25_2 Pin=OLED1-4
Added Pin To Net: NetName=NetC25_1 Pin=OLED1-5
Added Pin To Net: NetName=N_GND Pin=R2-1
Added Pin To Net: NetName=GND Pin=R2-2
Added Pin To Net: NetName=XC2 Pin=R6-1
Added Pin To Net: NetName=XC1 Pin=R6-2
Added Pin To Net: NetName=GND Pin=R8-1
Added Pin To Net: NetName=NetLED1_2 Pin=R16-2
Added Pin To Net: NetName=GND Pin=R17-1
Added Pin To Net: NetName=GND Pin=R19-1
Added Pin To Net: NetName=NetOLED1_26 Pin=R19-2
Added Pin To Net: NetName=3.3V Pin=R20-1
Added Pin To Net: NetName=3.3V Pin=R23-1
Added Pin To Net: NetName=NetJ1_6 Pin=R23-2
Added Pin To Net: NetName=3.3V Pin=R24-1
Added Pin To Net: NetName=NetJ2_6 Pin=R24-2
Added Pin To Net: NetName=3.3V Pin=R25-1
Added Pin To Net: NetName=NetLED2_1 Pin=R25-2
Added Pin To Net: NetName=3.3V Pin=R26-1
Added Pin To Net: NetName=NetLED3_1 Pin=R26-2
Added Pin To Net: NetName=NetQ1_2 Pin=R30-1
Added Pin To Net: NetName=GND Pin=R30-2
Added Pin To Net: NetName=NetC5_1 Pin=C5-1
Added Pin To Net: NetName=NetC5_1 Pin=R3-1
Added Pin To Net: NetName=NetC5_1 Pin=U1-11
Added Pin To Net: NetName=NetC5_1 Pin=U2-5
Added Net: Name=NetC5_1
Added Pin To Net: NetName=NetC16_2 Pin=C16-2
Added Pin To Net: NetName=NetC16_2 Pin=U6-1
Added Pin To Net: NetName=NetC16_2 Pin=U6-3
Added Net: Name=NetC16_2
Added Pin To Net: NetName=NetC19_2 Pin=C19-2
Added Pin To Net: NetName=NetC19_2 Pin=U6-4
Added Net: Name=NetC19_2
Added Pin To Net: NetName=NetC22_2 Pin=C22-2
Added Pin To Net: NetName=NetC22_2 Pin=OLED1-27
Added Net: Name=NetC22_2
Added Pin To Net: NetName=NetC26_2 Pin=C26-2
Added Pin To Net: NetName=NetC26_2 Pin=OLED1-28
Added Net: Name=NetC26_2
Added Pin To Net: NetName=NetR3_2 Pin=R3-2
Added Pin To Net: NetName=NetR3_2 Pin=U3-5
Added Net: Name=NetR3_2
Added Pin To Net: NetName=NetR8_2 Pin=R8-2
Added Pin To Net: NetName=NetR8_2 Pin=U5-44
Added Net: Name=NetR8_2
Added Pin To Net: NetName=NetR16_1 Pin=R16-1
Added Pin To Net: NetName=NetR16_1 Pin=U7-1
Added Net: Name=NetR16_1
Added Pin To Net: NetName=NetR17_2 Pin=R17-2
Added Pin To Net: NetName=NetR17_2 Pin=U7-6
Added Net: Name=NetR17_2
Added Room: Name=Remotor
Added Room: Name=Remotor_1
