Added Component: Designator=ANT1(SMA-2)
Added Component: Designator=BEEP1(BELL-5)
Added Component: Designator=BT1(BAT-2)
Added Component: Designator=C1(0603P)
Added Component: Designator=C2(0603P)
Added Component: Designator=C3(0603P)
Added Component: Designator=C4(0603P)
Added Component: Designator=C5(0603P)
Added Component: Designator=C6(0805)
Added Component: Designator=C7(0603P)
Added Component: Designator=C8(0603P)
Added Component: Designator=C9(0603P)
Added Component: Designator=C10(0603P)
Added Component: Designator=C11(0603P)
Added Component: Designator=C12(C0805 钽电容)
Added Component: Designator=C13(0603P)
Added Component: Designator=C14(0603P)
Added Component: Designator=C15(0603P)
Added Component: Designator=C16(C0805 钽电容)
Added Component: Designator=C17(0603P)
Added Component: Designator=C18(0603P)
Added Component: Designator=C19(0603P)
Added Component: Designator=C20(0603P)
Added Component: Designator=C21(0603P)
Added Component: Designator=C22(0603P)
Added Component: Designator=C23(0603P)
Added Component: Designator=C24(0603P)
Added Component: Designator=C25(0603P)
Added Component: Designator=C26(0603P)
Added Component: Designator=C27(C0805 钽电容)
Added Component: Designator=C28(0603P)
Added Component: Designator=C29(0603P)
Added Component: Designator=J1(摇杆2)
Added Component: Designator=J2(摇杆2)
Added Component: Designator=KEY1(KEY_M)
Added Component: Designator=KEY2(KEY_M)
Added Component: Designator=KEY3(KEY_M)
Added Component: Designator=LED1(0603)
Added Component: Designator=LED2(0603)
Added Component: Designator=LED3(0603)
Added Component: Designator=OLED1(OLED_0.96)
Added Component: Designator=P1(SH1.0-6P)
Added Component: Designator=Q1(SOT-23R)
Added Component: Designator=R1(0603P)
Added Component: Designator=R2(0603P)
Added Component: Designator=R3(0603P)
Added Component: Designator=R4(0603P)
Added Component: Designator=R5(0603P)
Added Component: Designator=R6(0603P)
Added Component: Designator=R7(0603P)
Added Component: Designator=R8(0603P)
Added Component: Designator=R9(0603P)
Added Component: Designator=R10(0603P)
Added Component: Designator=R11(0603P)
Added Component: Designator=R12(0603P)
Added Component: Designator=R13(0603P)
Added Component: Designator=R14(0603P)
Added Component: Designator=R15(0603P)
Added Component: Designator=R16(0603P)
Added Component: Designator=R17(0603P)
Added Component: Designator=R18(0603P)
Added Component: Designator=R19(0603P)
Added Component: Designator=R20(0603P)
Added Component: Designator=R21(0603P)
Added Component: Designator=R22(0603P)
Added Component: Designator=R23(0603P)
Added Component: Designator=R24(0603P)
Added Component: Designator=R25(0603P)
Added Component: Designator=R26(0603P)
Added Component: Designator=R27(0603P)
Added Component: Designator=R28(0603P)
Added Component: Designator=R29(0603P)
Added Component: Designator=R30(0603P)
Added Component: Designator=SW1(拨动开关DIP)
Added Component: Designator=U2(0603-6)
Added Component: Designator=U3(QFN16M)
Added Component: Designator=U4(BALUN_250BP)
Added Component: Designator=U5(mTQFP48)
Added Component: Designator=U6(SOT-23-5)
Added Component: Designator=U7(SOT-23-6)
Added Component: Designator=USB1(MICRO_USB5P_SOP)
Added Component: Designator=X1(XTAL3215)
Added Component: Designator=XTAL1(XTAL3225   无源)
Added Pin To Net: NetName=1.5V Pin=USB1-1
Added Net: Name=1.5V
Added Pin To Net: NetName=3.3VA Pin=C13-2
Added Pin To Net: NetName=3.3VA Pin=R12-2
Added Pin To Net: NetName=3.3VA Pin=U5-9
Added Net: Name=3.3VA
Added Pin To Net: NetName=3.3V Pin=BEEP1-1
Added Pin To Net: NetName=3.3V Pin=C2-2
Added Pin To Net: NetName=3.3V Pin=C3-2
Added Pin To Net: NetName=3.3V Pin=C4-2
Added Pin To Net: NetName=3.3V Pin=C6-2
Added Pin To Net: NetName=3.3V Pin=C7-2
Added Pin To Net: NetName=3.3V Pin=C8-2
Added Pin To Net: NetName=3.3V Pin=C11-2
Added Pin To Net: NetName=3.3V Pin=C14-2
Added Pin To Net: NetName=3.3V Pin=C16-1
Added Pin To Net: NetName=3.3V Pin=C18-1
Added Pin To Net: NetName=3.3V Pin=C21-1
Added Pin To Net: NetName=3.3V Pin=C28-1
Added Pin To Net: NetName=3.3V Pin=C29-1
Added Pin To Net: NetName=3.3V Pin=OLED1-6
Added Pin To Net: NetName=3.3V Pin=OLED1-9
Added Pin To Net: NetName=3.3V Pin=P1-2
Added Pin To Net: NetName=3.3V Pin=R4-2
Added Pin To Net: NetName=3.3V Pin=R7-2
Added Pin To Net: NetName=3.3V Pin=R11-2
Added Pin To Net: NetName=3.3V Pin=R12-1
Added Pin To Net: NetName=3.3V Pin=R19-1
Added Pin To Net: NetName=3.3V Pin=R22-1
Added Pin To Net: NetName=3.3V Pin=R23-2
Added Pin To Net: NetName=3.3V Pin=R24-2
Added Pin To Net: NetName=3.3V Pin=R25-2
Added Pin To Net: NetName=3.3V Pin=R26-2
Added Pin To Net: NetName=3.3V Pin=R28-2
Added Pin To Net: NetName=3.3V Pin=R29-2
Added Pin To Net: NetName=3.3V Pin=U3-14
Added Pin To Net: NetName=3.3V Pin=U3-16
Added Pin To Net: NetName=3.3V Pin=U5-1
Added Pin To Net: NetName=3.3V Pin=U5-24
Added Pin To Net: NetName=3.3V Pin=U5-36
Added Pin To Net: NetName=3.3V Pin=U5-48
Added Pin To Net: NetName=3.3V Pin=U6-5
Added Net: Name=3.3V
Added Pin To Net: NetName=5V Pin=C23-1
Added Pin To Net: NetName=5V Pin=C27-1
Added Pin To Net: NetName=5V Pin=LED1-1
Added Pin To Net: NetName=5V Pin=SW1-3
Added Pin To Net: NetName=5V Pin=U7-4
Added Net: Name=5V
Added Pin To Net: NetName=ADC_BAT Pin=C20-1
Added Pin To Net: NetName=ADC_BAT Pin=R14-2
Added Pin To Net: NetName=ADC_BAT Pin=R15-1
Added Pin To Net: NetName=ADC_BAT Pin=U5-10
Added Net: Name=ADC_BAT
Added Pin To Net: NetName=ADC_PITCH Pin=U5-12
Added Net: Name=ADC_PITCH
Added Pin To Net: NetName=ADC_ROLL Pin=J1-5
Added Pin To Net: NetName=ADC_ROLL Pin=U5-11
Added Net: Name=ADC_ROLL
Added Pin To Net: NetName=ADC_THRUST Pin=J1-2
Added Pin To Net: NetName=ADC_THRUST Pin=J2-2
Added Pin To Net: NetName=ADC_THRUST Pin=U5-19
Added Net: Name=ADC_THRUST
Added Pin To Net: NetName=ADC_YAW Pin=J2-5
Added Pin To Net: NetName=ADC_YAW Pin=U5-18
Added Net: Name=ADC_YAW
Added Pin To Net: NetName=AGND Pin=C13-1
Added Pin To Net: NetName=AGND Pin=J1-1
Added Pin To Net: NetName=AGND Pin=J1-4
Added Pin To Net: NetName=AGND Pin=J2-1
Added Pin To Net: NetName=AGND Pin=J2-4
Added Pin To Net: NetName=AGND Pin=U5-8
Added Net: Name=AGND
Added Pin To Net: NetName=ANT Pin=U3-10
Added Pin To Net: NetName=ANT Pin=U4-4
Added Net: Name=ANT
Added Pin To Net: NetName=BAT_CHG Pin=SW1-4
Added Pin To Net: NetName=BAT_CHG Pin=U7-3
Added Net: Name=BAT_CHG
Added Pin To Net: NetName=BAT Pin=BT1-1
Added Pin To Net: NetName=BAT Pin=C12-1
Added Pin To Net: NetName=BAT Pin=R14-1
Added Pin To Net: NetName=BAT Pin=SW1-5
Added Net: Name=BAT
Added Pin To Net: NetName=BEEP Pin=R27-2
Added Pin To Net: NetName=BEEP Pin=U5-3
Added Net: Name=BEEP
Added Pin To Net: NetName=GND Pin=BT1-2
Added Pin To Net: NetName=GND Pin=C11-1
Added Pin To Net: NetName=GND Pin=C12-2
Added Pin To Net: NetName=GND Pin=C14-1
Added Pin To Net: NetName=GND Pin=C15-1
Added Pin To Net: NetName=GND Pin=C16-2
Added Pin To Net: NetName=GND Pin=C17-2
Added Pin To Net: NetName=GND Pin=C18-2
Added Pin To Net: NetName=GND Pin=C19-2
Added Pin To Net: NetName=GND Pin=C20-2
Added Pin To Net: NetName=GND Pin=C21-2
Added Pin To Net: NetName=GND Pin=C22-2
Added Pin To Net: NetName=GND Pin=C23-2
Added Pin To Net: NetName=GND Pin=C26-2
Added Pin To Net: NetName=GND Pin=C27-2
Added Pin To Net: NetName=GND Pin=C28-2
Added Pin To Net: NetName=GND Pin=C29-2
Added Pin To Net: NetName=GND Pin=J1-J1
Added Pin To Net: NetName=GND Pin=J1-J1
Added Pin To Net: NetName=GND Pin=J2-J1
Added Pin To Net: NetName=GND Pin=J2-J1
Added Pin To Net: NetName=GND Pin=KEY2-2
Added Pin To Net: NetName=GND Pin=KEY2-2
Added Pin To Net: NetName=GND Pin=KEY3-2
Added Pin To Net: NetName=GND Pin=KEY3-2
Added Pin To Net: NetName=GND Pin=OLED1-1
Added Pin To Net: NetName=GND Pin=OLED1-8
Added Pin To Net: NetName=GND Pin=OLED1-12
Added Pin To Net: NetName=GND Pin=OLED1-13
Added Pin To Net: NetName=GND Pin=OLED1-16
Added Pin To Net: NetName=GND Pin=OLED1-17
Added Pin To Net: NetName=GND Pin=OLED1-21
Added Pin To Net: NetName=GND Pin=OLED1-22
Added Pin To Net: NetName=GND Pin=OLED1-23
Added Pin To Net: NetName=GND Pin=OLED1-24
Added Pin To Net: NetName=GND Pin=OLED1-25
Added Pin To Net: NetName=GND Pin=OLED1-29
Added Pin To Net: NetName=GND Pin=OLED1-30
Added Pin To Net: NetName=GND Pin=P1-1
Added Pin To Net: NetName=GND Pin=Q1-1
Added Pin To Net: NetName=GND Pin=R2-1
Added Pin To Net: NetName=GND Pin=R8-2
Added Pin To Net: NetName=GND Pin=R13-2
Added Pin To Net: NetName=GND Pin=R15-2
Added Pin To Net: NetName=GND Pin=R17-2
Added Pin To Net: NetName=GND Pin=R18-1
Added Pin To Net: NetName=GND Pin=R20-1
Added Pin To Net: NetName=GND Pin=R21-1
Added Pin To Net: NetName=GND Pin=R30-1
Added Pin To Net: NetName=GND Pin=U5-23
Added Pin To Net: NetName=GND Pin=U5-35
Added Pin To Net: NetName=GND Pin=U5-47
Added Pin To Net: NetName=GND Pin=U6-2
Added Pin To Net: NetName=GND Pin=U7-2
Added Pin To Net: NetName=GND Pin=USB1-5
Added Pin To Net: NetName=GND Pin=X1-2
Added Net: Name=GND
Added Pin To Net: NetName=KEY_L Pin=KEY2-1
Added Pin To Net: NetName=KEY_L Pin=KEY2-1
Added Pin To Net: NetName=KEY_L Pin=U5-22
Added Net: Name=KEY_L
Added Pin To Net: NetName=KEY_R Pin=KEY3-1
Added Pin To Net: NetName=KEY_R Pin=KEY3-1
Added Pin To Net: NetName=KEY_R Pin=U5-4
Added Net: Name=KEY_R
Added Pin To Net: NetName=KEY_STICK1 Pin=J2-J2
Added Pin To Net: NetName=KEY_STICK1 Pin=J2-J2
Added Pin To Net: NetName=KEY_STICK1 Pin=U5-21
Added Net: Name=KEY_STICK1
Added Pin To Net: NetName=KEY_STICK2 Pin=J1-J2
Added Pin To Net: NetName=KEY_STICK2 Pin=J1-J2
Added Pin To Net: NetName=KEY_STICK2 Pin=U5-29
Added Net: Name=KEY_STICK2
Added Pin To Net: NetName=LED0 Pin=LED2-2
Added Pin To Net: NetName=LED0 Pin=U5-43
Added Net: Name=LED0
Added Pin To Net: NetName=LED1 Pin=LED3-2
Added Pin To Net: NetName=LED1 Pin=U5-39
Added Net: Name=LED1
Added Pin To Net: NetName=N_GND Pin=C1-1
Added Pin To Net: NetName=N_GND Pin=C2-1
Added Pin To Net: NetName=N_GND Pin=C3-1
Added Pin To Net: NetName=N_GND Pin=C4-1
Added Pin To Net: NetName=N_GND Pin=C5-1
Added Pin To Net: NetName=N_GND Pin=C6-1
Added Pin To Net: NetName=N_GND Pin=C7-1
Added Pin To Net: NetName=N_GND Pin=C8-1
Added Pin To Net: NetName=N_GND Pin=C9-1
Added Pin To Net: NetName=N_GND Pin=C10-2
Added Pin To Net: NetName=N_GND Pin=R1-2
Added Pin To Net: NetName=N_GND Pin=R2-2
Added Pin To Net: NetName=N_GND Pin=R5-1
Added Pin To Net: NetName=N_GND Pin=U2-2
Added Pin To Net: NetName=N_GND Pin=U2-6
Added Pin To Net: NetName=N_GND Pin=U3-1
Added Pin To Net: NetName=N_GND Pin=U3-2
Added Pin To Net: NetName=N_GND Pin=U3-3
Added Pin To Net: NetName=N_GND Pin=U3-7
Added Pin To Net: NetName=N_GND Pin=U3-8
Added Pin To Net: NetName=N_GND Pin=U3-9
Added Pin To Net: NetName=N_GND Pin=U3-11
Added Pin To Net: NetName=N_GND Pin=U3-12
Added Pin To Net: NetName=N_GND Pin=U3-15
Added Pin To Net: NetName=N_GND Pin=U3-17
Added Pin To Net: NetName=N_GND Pin=U4-1
Added Pin To Net: NetName=N_GND Pin=U4-3
Added Pin To Net: NetName=N_GND Pin=XTAL1-2
Added Pin To Net: NetName=N_GND Pin=XTAL1-4
Added Net: Name=N_GND
Added Pin To Net: NetName=NetANT1_1 Pin=ANT1-1
Added Pin To Net: NetName=NetANT1_1 Pin=U4-2
Added Net: Name=NetANT1_1
Added Pin To Net: NetName=NetBEEP1_2 Pin=BEEP1-2
Added Pin To Net: NetName=NetBEEP1_2 Pin=Q1-3
Added Net: Name=NetBEEP1_2
Added Pin To Net: NetName=NetC1_2 Pin=C1-2
Added Net: Name=NetC1_2
Added Pin To Net: NetName=NetC5_2 Pin=C5-2
Added Pin To Net: NetName=NetC5_2 Pin=R3-2
Added Pin To Net: NetName=NetC5_2 Pin=U2-5
Added Net: Name=NetC5_2
Added Pin To Net: NetName=NetC17_1 Pin=C17-1
Added Pin To Net: NetName=NetC17_1 Pin=U6-1
Added Pin To Net: NetName=NetC17_1 Pin=U6-3
Added Net: Name=NetC17_1
Added Pin To Net: NetName=NetC19_1 Pin=C19-1
Added Pin To Net: NetName=NetC19_1 Pin=U6-4
Added Net: Name=NetC19_1
Added Pin To Net: NetName=NetC22_1 Pin=C22-1
Added Pin To Net: NetName=NetC22_1 Pin=OLED1-27
Added Net: Name=NetC22_1
Added Pin To Net: NetName=NetC24_1 Pin=C24-1
Added Pin To Net: NetName=NetC24_1 Pin=OLED1-2
Added Net: Name=NetC24_1
Added Pin To Net: NetName=NetC24_2 Pin=C24-2
Added Pin To Net: NetName=NetC24_2 Pin=OLED1-3
Added Net: Name=NetC24_2
Added Pin To Net: NetName=NetC25_1 Pin=C25-1
Added Pin To Net: NetName=NetC25_1 Pin=OLED1-4
Added Net: Name=NetC25_1
Added Pin To Net: NetName=NetC25_2 Pin=C25-2
Added Pin To Net: NetName=NetC25_2 Pin=OLED1-5
Added Net: Name=NetC25_2
Added Pin To Net: NetName=NetC26_1 Pin=C26-1
Added Pin To Net: NetName=NetC26_1 Pin=OLED1-28
Added Net: Name=NetC26_1
Added Pin To Net: NetName=NetJ1_3 Pin=J1-3
Added Pin To Net: NetName=NetJ1_3 Pin=R28-1
Added Net: Name=NetJ1_3
Added Pin To Net: NetName=NetJ1_6 Pin=J1-6
Added Pin To Net: NetName=NetJ1_6 Pin=R23-1
Added Net: Name=NetJ1_6
Added Pin To Net: NetName=NetJ2_3 Pin=J2-3
Added Pin To Net: NetName=NetJ2_3 Pin=R29-1
Added Net: Name=NetJ2_3
Added Pin To Net: NetName=NetJ2_6 Pin=J2-6
Added Pin To Net: NetName=NetJ2_6 Pin=R24-1
Added Net: Name=NetJ2_6
Added Pin To Net: NetName=NetLED1_2 Pin=LED1-2
Added Pin To Net: NetName=NetLED1_2 Pin=R16-1
Added Net: Name=NetLED1_2
Added Pin To Net: NetName=NetLED2_1 Pin=LED2-1
Added Pin To Net: NetName=NetLED2_1 Pin=R25-1
Added Net: Name=NetLED2_1
Added Pin To Net: NetName=NetLED3_1 Pin=LED3-1
Added Pin To Net: NetName=NetLED3_1 Pin=R26-1
Added Net: Name=NetLED3_1
Added Pin To Net: NetName=NetOLED1_10 Pin=OLED1-10
Added Pin To Net: NetName=NetOLED1_10 Pin=R18-2
Added Net: Name=NetOLED1_10
Added Pin To Net: NetName=NetOLED1_11 Pin=OLED1-11
Added Pin To Net: NetName=NetOLED1_11 Pin=R21-2
Added Net: Name=NetOLED1_11
Added Pin To Net: NetName=NetOLED1_26 Pin=OLED1-26
Added Pin To Net: NetName=NetOLED1_26 Pin=R20-2
Added Net: Name=NetOLED1_26
Added Pin To Net: NetName=NetQ1_2 Pin=Q1-2
Added Pin To Net: NetName=NetQ1_2 Pin=R27-1
Added Pin To Net: NetName=NetQ1_2 Pin=R30-2
Added Net: Name=NetQ1_2
Added Pin To Net: NetName=NetR1_1 Pin=R1-1
Added Net: Name=NetR1_1
Added Pin To Net: NetName=NetR3_1 Pin=R3-1
Added Pin To Net: NetName=NetR3_1 Pin=U3-5
Added Net: Name=NetR3_1
Added Pin To Net: NetName=NetR4_1 Pin=R4-1
Added Pin To Net: NetName=NetR4_1 Pin=R5-2
Added Pin To Net: NetName=NetR4_1 Pin=U3-6
Added Net: Name=NetR4_1
Added Pin To Net: NetName=NetR7_1 Pin=R7-1
Added Pin To Net: NetName=NetR7_1 Pin=R10-1
Added Pin To Net: NetName=NetR7_1 Pin=USB1-3
Added Net: Name=NetR7_1
Added Pin To Net: NetName=NetR8_1 Pin=R8-1
Added Pin To Net: NetName=NetR8_1 Pin=U5-44
Added Net: Name=NetR8_1
Added Pin To Net: NetName=NetR9_1 Pin=R9-1
Added Pin To Net: NetName=NetR9_1 Pin=USB1-2
Added Net: Name=NetR9_1
Added Pin To Net: NetName=NetR13_1 Pin=R13-1
Added Pin To Net: NetName=NetR13_1 Pin=U5-20
Added Net: Name=NetR13_1
Added Pin To Net: NetName=NetR16_2 Pin=R16-2
Added Pin To Net: NetName=NetR16_2 Pin=U7-1
Added Net: Name=NetR16_2
Added Pin To Net: NetName=NetR17_1 Pin=R17-1
Added Pin To Net: NetName=NetR17_1 Pin=U7-6
Added Net: Name=NetR17_1
Added Pin To Net: NetName=NetU1_12 Pin=U2-4
Added Net: Name=NetU1_12
Added Pin To Net: NetName=NetU1_13 Pin=U2-3
Added Net: Name=NetU1_13
Added Pin To Net: NetName=NetU2_1 Pin=U2-1
Added Pin To Net: NetName=NetU2_1 Pin=U3-4
Added Net: Name=NetU2_1
Added Pin To Net: NetName=NetU5_5 Pin=U5-5
Added Pin To Net: NetName=NetU5_5 Pin=X1-1
Added Net: Name=NetU5_5
Added Pin To Net: NetName=NetU5_6 Pin=U5-6
Added Pin To Net: NetName=NetU5_6 Pin=X1-3
Added Net: Name=NetU5_6
Added Pin To Net: NetName=NRF_CE Pin=U5-13
Added Net: Name=NRF_CE
Added Pin To Net: NetName=NRF_CSN Pin=U5-14
Added Net: Name=NRF_CSN
Added Pin To Net: NetName=NRF_IRQ Pin=U5-2
Added Net: Name=NRF_IRQ
Added Pin To Net: NetName=NRF_MISO Pin=U5-16
Added Net: Name=NRF_MISO
Added Pin To Net: NetName=NRF_MOSI Pin=U5-17
Added Net: Name=NRF_MOSI
Added Pin To Net: NetName=NRF_SCK Pin=U5-15
Added Net: Name=NRF_SCK
Added Pin To Net: NetName=O_CLK Pin=OLED1-18
Added Pin To Net: NetName=O_CLK Pin=R22-2
Added Pin To Net: NetName=O_CLK Pin=U5-26
Added Net: Name=O_CLK
Added Pin To Net: NetName=O_DC Pin=OLED1-15
Added Pin To Net: NetName=O_DC Pin=U5-25
Added Net: Name=O_DC
Added Pin To Net: NetName=O_MOSI Pin=OLED1-19
Added Pin To Net: NetName=O_MOSI Pin=R19-2
Added Pin To Net: NetName=O_MOSI Pin=U5-28
Added Net: Name=O_MOSI
Added Pin To Net: NetName=O_RST Pin=OLED1-14
Added Pin To Net: NetName=O_RST Pin=U5-27
Added Net: Name=O_RST
Added Pin To Net: NetName=RST Pin=C15-2
Added Pin To Net: NetName=RST Pin=R11-1
Added Pin To Net: NetName=RST Pin=U5-7
Added Net: Name=RST
Added Pin To Net: NetName=SWD_CLK Pin=P1-3
Added Pin To Net: NetName=SWD_CLK Pin=U5-37
Added Net: Name=SWD_CLK
Added Pin To Net: NetName=SWD_DIO Pin=P1-4
Added Pin To Net: NetName=SWD_DIO Pin=U5-34
Added Net: Name=SWD_DIO
Added Pin To Net: NetName=USART_RX Pin=P1-5
Added Pin To Net: NetName=USART_RX Pin=U5-31
Added Net: Name=USART_RX
Added Pin To Net: NetName=USART_TX Pin=P1-6
Added Pin To Net: NetName=USART_TX Pin=U5-30
Added Net: Name=USART_TX
Added Pin To Net: NetName=USB_DM Pin=R9-2
Added Pin To Net: NetName=USB_DM Pin=U5-32
Added Net: Name=USB_DM
Added Pin To Net: NetName=USB_DP Pin=R10-2
Added Pin To Net: NetName=USB_DP Pin=U5-33
Added Net: Name=USB_DP
Added Pin To Net: NetName=VCC Pin=SW1-2
Added Pin To Net: NetName=VCC Pin=SW1-6
Added Net: Name=VCC
Added Pin To Net: NetName=XC1 Pin=C9-2
Added Pin To Net: NetName=XC1 Pin=R6-1
Added Pin To Net: NetName=XC1 Pin=XTAL1-1
Added Net: Name=XC1
Added Pin To Net: NetName=XC2 Pin=C10-1
Added Pin To Net: NetName=XC2 Pin=R6-2
Added Pin To Net: NetName=XC2 Pin=XTAL1-3
Added Net: Name=XC2
Added Class: Name=Remotor_1
Added Class: Name=Remotor
Added Room: Name=Remotor
Added Room: Name=Remotor_1
